<?xml version="1.0" encoding="UTF-8"?>
<testsuites tests="3" failures="0" disabled="0" errors="0" time="0" timestamp="2022-07-05T13:55:06" name="AllTests">
  <testsuite name="TestPointerTraits" tests="3" failures="0" disabled="0" errors="0" time="0" timestamp="2022-07-05T13:55:06">
    <testcase name="is_pointer" status="run" result="completed" time="0" timestamp="2022-07-05T13:55:06" classname="rcpputils.TestPointerTraits" />
    <testcase name="is_no_pointer" status="run" result="completed" time="0" timestamp="2022-07-05T13:55:06" classname="rcpputils.TestPointerTraits" />
    <testcase name="remove_pointer" status="run" result="completed" time="0" timestamp="2022-07-05T13:55:06" classname="rcpputils.TestPointerTraits" />
  </testsuite>
</testsuites>
