<?xml version="1.0" encoding="UTF-8"?>
<testsuites tests="3" failures="0" disabled="0" errors="0" time="0.008" timestamp="2022-07-05T13:55:07" name="AllTests">
  <testsuite name="test_shared_library" tests="2" failures="0" disabled="0" errors="0" time="0.008" timestamp="2022-07-05T13:55:07">
    <testcase name="valid_load" status="run" result="completed" time="0.001" timestamp="2022-07-05T13:55:07" classname="rcpputils.test_shared_library" />
    <testcase name="failed_test" status="run" result="completed" time="0.007" timestamp="2022-07-05T13:55:07" classname="rcpputils.test_shared_library" />
  </testsuite>
  <testsuite name="test_get_platform_library_name" tests="1" failures="0" disabled="0" errors="0" time="0" timestamp="2022-07-05T13:55:07">
    <testcase name="failed_test" status="run" result="completed" time="0" timestamp="2022-07-05T13:55:07" classname="rcpputils.test_get_platform_library_name" />
  </testsuite>
</testsuites>
