<?xml version="1.0" encoding="UTF-8"?>
<testsuites tests="2" failures="0" disabled="0" errors="0" time="0.008" timestamp="2022-07-05T13:55:04" name="AllTests">
  <testsuite name="TestGetEnv" tests="1" failures="0" disabled="0" errors="0" time="0" timestamp="2022-07-05T13:55:04">
    <testcase name="test_get_env" status="run" result="completed" time="0" timestamp="2022-07-05T13:55:04" classname="rcpputils.TestGetEnv" />
  </testsuite>
  <testsuite name="TestSetEnv" tests="1" failures="0" disabled="0" errors="0" time="0.008" timestamp="2022-07-05T13:55:04">
    <testcase name="test_set_env" status="run" result="completed" time="0.008" timestamp="2022-07-05T13:55:04" classname="rcpputils.TestSetEnv" />
  </testsuite>
</testsuites>
