<?xml version="1.0" encoding="UTF-8"?>
<testsuites tests="4" failures="0" disabled="0" errors="0" time="0.015" timestamp="2022-07-05T13:55:03" name="AllTests">
  <testsuite name="test_join" tests="4" failures="0" disabled="0" errors="0" time="0.006" timestamp="2022-07-05T13:55:03">
    <testcase name="join_strings_vector" status="run" result="completed" time="0" timestamp="2022-07-05T13:55:03" classname="rcpputils.test_join" />
    <testcase name="join_strings_list" status="run" result="completed" time="0.001" timestamp="2022-07-05T13:55:03" classname="rcpputils.test_join" />
    <testcase name="join_ints_vector" status="run" result="completed" time="0" timestamp="2022-07-05T13:55:03" classname="rcpputils.test_join" />
    <testcase name="join_ints_list" status="run" result="completed" time="0" timestamp="2022-07-05T13:55:03" classname="rcpputils.test_join" />
  </testsuite>
</testsuites>
