<?xml version="1.0" encoding="UTF-8"?>
<testsuites tests="3" failures="0" disabled="0" errors="0" time="0" timestamp="2022-07-05T13:55:04" name="AllTests">
  <testsuite name="test_scope_exit" tests="3" failures="0" disabled="0" errors="0" time="0" timestamp="2022-07-05T13:55:04">
    <testcase name="should_run" status="run" result="completed" time="0" timestamp="2022-07-05T13:55:04" classname="rcpputils.test_scope_exit" />
    <testcase name="should_not_run" status="run" result="completed" time="0" timestamp="2022-07-05T13:55:04" classname="rcpputils.test_scope_exit" />
    <testcase name="code_types" status="run" result="completed" time="0" timestamp="2022-07-05T13:55:04" classname="rcpputils.test_scope_exit" />
  </testsuite>
</testsuites>
