<?xml version="1.0" encoding="UTF-8"?>
<testsuites tests="2" failures="0" disabled="0" errors="0" time="0.003" timestamp="2022-07-05T13:55:08" name="AllTests">
  <testsuite name="test_endian" tests="2" failures="0" disabled="0" errors="0" time="0.002" timestamp="2022-07-05T13:55:08">
    <testcase name="is_defined" status="run" result="completed" time="0" timestamp="2022-07-05T13:55:08" classname="rcpputils.test_endian" />
    <testcase name="runtime_endianness" status="run" result="completed" time="0" timestamp="2022-07-05T13:55:08" classname="rcpputils.test_endian" />
  </testsuite>
</testsuites>
