<?xml version="1.0" encoding="UTF-8"?>
<testsuites tests="2" failures="0" disabled="0" errors="0" time="0.007" timestamp="2022-07-05T13:55:09" name="AllTests">
  <testsuite name="TestAccumulator" tests="2" failures="0" disabled="0" errors="0" time="0.007" timestamp="2022-07-05T13:55:09">
    <testcase name="test_accumulator" status="run" result="completed" time="0" timestamp="2022-07-05T13:55:09" classname="rcpputils.TestAccumulator" />
    <testcase name="spam_accumulator" status="run" result="completed" time="0.007" timestamp="2022-07-05T13:55:09" classname="rcpputils.TestAccumulator" />
  </testsuite>
</testsuites>
