<?xml version="1.0" encoding="UTF-8"?>
<testsuites tests="7" failures="0" disabled="0" errors="0" time="0.001" timestamp="2022-07-05T13:55:01" name="AllTests">
  <testsuite name="test_asserts" tests="7" failures="0" disabled="0" errors="0" time="0.001" timestamp="2022-07-05T13:55:01">
    <testcase name="require_throws_if_condition_is_false" status="run" result="completed" time="0.001" timestamp="2022-07-05T13:55:01" classname="rcpputils.test_asserts" />
    <testcase name="require_throws_with_message_if_condition_is_false" status="run" result="completed" time="0" timestamp="2022-07-05T13:55:01" classname="rcpputils.test_asserts" />
    <testcase name="require_does_not_throw_if_condition_is_true" status="run" result="completed" time="0" timestamp="2022-07-05T13:55:01" classname="rcpputils.test_asserts" />
    <testcase name="check_throws_if_condition_is_false" status="run" result="completed" time="0" timestamp="2022-07-05T13:55:01" classname="rcpputils.test_asserts" />
    <testcase name="check_throws_with_message_if_condition_is_false" status="run" result="completed" time="0" timestamp="2022-07-05T13:55:01" classname="rcpputils.test_asserts" />
    <testcase name="check_does_not_throw_if_condition_is_true" status="run" result="completed" time="0" timestamp="2022-07-05T13:55:01" classname="rcpputils.test_asserts" />
    <testcase name="ros_assert_does_not_throw_if_ndebug_set" status="run" result="completed" time="0" timestamp="2022-07-05T13:55:01" classname="rcpputils.test_asserts" />
  </testsuite>
</testsuites>
