<?xml version="1.0" encoding="UTF-8"?>
<testsuites tests="17" failures="0" disabled="0" errors="0" time="0.007" timestamp="2022-07-05T13:55:05" name="AllTests">
  <testsuite name="TestFilesystemHelper" tests="17" failures="0" disabled="0" errors="0" time="0.006" timestamp="2022-07-05T13:55:05">
    <testcase name="join_path" status="run" result="completed" time="0" timestamp="2022-07-05T13:55:05" classname="rcpputils.TestFilesystemHelper" />
    <testcase name="parent_path" status="run" result="completed" time="0" timestamp="2022-07-05T13:55:05" classname="rcpputils.TestFilesystemHelper" />
    <testcase name="to_native_path" status="run" result="completed" time="0" timestamp="2022-07-05T13:55:05" classname="rcpputils.TestFilesystemHelper" />
    <testcase name="is_absolute" status="run" result="completed" time="0" timestamp="2022-07-05T13:55:05" classname="rcpputils.TestFilesystemHelper" />
    <testcase name="correct_extension" status="run" result="completed" time="0" timestamp="2022-07-05T13:55:05" classname="rcpputils.TestFilesystemHelper" />
    <testcase name="is_empty" status="run" result="completed" time="0" timestamp="2022-07-05T13:55:05" classname="rcpputils.TestFilesystemHelper" />
    <testcase name="exists" status="run" result="completed" time="0" timestamp="2022-07-05T13:55:05" classname="rcpputils.TestFilesystemHelper" />
    <testcase name="filesystem_manipulation" status="run" result="completed" time="0.002" timestamp="2022-07-05T13:55:05" classname="rcpputils.TestFilesystemHelper" />
    <testcase name="remove_extension" status="run" result="completed" time="0" timestamp="2022-07-05T13:55:05" classname="rcpputils.TestFilesystemHelper" />
    <testcase name="remove_extensions" status="run" result="completed" time="0" timestamp="2022-07-05T13:55:05" classname="rcpputils.TestFilesystemHelper" />
    <testcase name="remove_extensions_overcount" status="run" result="completed" time="0" timestamp="2022-07-05T13:55:05" classname="rcpputils.TestFilesystemHelper" />
    <testcase name="remove_extension_no_extension" status="run" result="completed" time="0" timestamp="2022-07-05T13:55:05" classname="rcpputils.TestFilesystemHelper" />
    <testcase name="get_cwd" status="run" result="completed" time="0" timestamp="2022-07-05T13:55:05" classname="rcpputils.TestFilesystemHelper" />
    <testcase name="parent_absolute_path" status="run" result="completed" time="0" timestamp="2022-07-05T13:55:05" classname="rcpputils.TestFilesystemHelper" />
    <testcase name="stream_operator" status="run" result="completed" time="0" timestamp="2022-07-05T13:55:05" classname="rcpputils.TestFilesystemHelper" />
    <testcase name="create_temp_directory" status="run" result="completed" time="0.001" timestamp="2022-07-05T13:55:05" classname="rcpputils.TestFilesystemHelper" />
    <testcase name="equal_operators" status="run" result="completed" time="0" timestamp="2022-07-05T13:55:05" classname="rcpputils.TestFilesystemHelper" />
  </testsuite>
</testsuites>
