<?xml version="1.0" encoding="UTF-8"?>
<testsuites tests="3" failures="0" disabled="0" errors="0" time="0" timestamp="2022-07-05T13:55:08" name="AllTests">
  <testsuite name="test_clamp" tests="3" failures="0" disabled="0" errors="0" time="0" timestamp="2022-07-05T13:55:08">
    <testcase name="test_basic" status="run" result="completed" time="0" timestamp="2022-07-05T13:55:08" classname="rcpputils.test_clamp" />
    <testcase name="test_cmp" status="run" result="completed" time="0" timestamp="2022-07-05T13:55:08" classname="rcpputils.test_clamp" />
    <testcase name="test_limits" status="run" result="completed" time="0" timestamp="2022-07-05T13:55:08" classname="rcpputils.test_clamp" />
  </testsuite>
</testsuites>
